2021-06-09 21:35:11,398 :INFO :test_fill :Name: Sam
2021-06-09 21:35:11,641 :INFO :test_fill :Email: sam@gmail.com
2021-06-09 21:35:11,691 :INFO :test_fill :Password: @#@$f
2021-06-09 21:35:11,739 :INFO :test_fill :Gender: Male
2021-06-09 21:35:11,767 :INFO :test_fill :DOB: 02032020
2021-06-09 21:35:13,040 :INFO :test_fill :Name: Jessie
2021-06-09 21:35:13,040 :INFO :test_fill :Name: Jessie
2021-06-09 21:35:13,117 :INFO :test_fill :Email: jessie@gmail.com
2021-06-09 21:35:13,117 :INFO :test_fill :Email: jessie@gmail.com
2021-06-09 21:35:13,192 :INFO :test_fill :Password: klh^&*
2021-06-09 21:35:13,192 :INFO :test_fill :Password: klh^&*
2021-06-09 21:35:13,258 :INFO :test_fill :Gender: Female
2021-06-09 21:35:13,258 :INFO :test_fill :Gender: Female
2021-06-09 21:35:13,322 :INFO :test_fill :DOB: 45021998
2021-06-09 21:35:13,322 :INFO :test_fill :DOB: 45021998
2021-06-09 21:35:14,635 :INFO :test_fill :Name: gk
2021-06-09 21:35:14,635 :INFO :test_fill :Name: gk
2021-06-09 21:35:14,635 :INFO :test_fill :Name: gk
2021-06-09 21:35:14,739 :INFO :test_fill :Email: gk@gmail.com
2021-06-09 21:35:14,739 :INFO :test_fill :Email: gk@gmail.com
2021-06-09 21:35:14,739 :INFO :test_fill :Email: gk@gmail.com
2021-06-09 21:35:14,819 :INFO :test_fill :Password: @EF%%VG
2021-06-09 21:35:14,819 :INFO :test_fill :Password: @EF%%VG
2021-06-09 21:35:14,819 :INFO :test_fill :Password: @EF%%VG
2021-06-09 21:35:14,903 :INFO :test_fill :Gender: Male
2021-06-09 21:35:14,903 :INFO :test_fill :Gender: Male
2021-06-09 21:35:14,903 :INFO :test_fill :Gender: Male
2021-06-09 21:35:14,934 :INFO :test_fill :DOB: 4021998
2021-06-09 21:35:14,934 :INFO :test_fill :DOB: 4021998
2021-06-09 21:35:14,934 :INFO :test_fill :DOB: 4021998
2021-06-09 21:35:19,911 :INFO :test_mobile :Card title :Blackberry
2021-06-09 21:35:25,442 :INFO :test_mobile :Country Selected :India
2021-06-09 21:35:25,639 :INFO :test_mobile :Text received from application is Success!
2021-06-09 21:35:26,420 :INFO :test_mobile :Card title :iphone X
2021-06-09 21:35:26,420 :INFO :test_mobile :Card title :iphone X
2021-06-09 21:35:31,870 :INFO :test_mobile :Country Selected :Finland
2021-06-09 21:35:31,870 :INFO :test_mobile :Country Selected :Finland
2021-06-09 21:35:31,966 :INFO :test_mobile :Text received from application is Success!
2021-06-09 21:35:31,966 :INFO :test_mobile :Text received from application is Success!
2021-06-09 21:35:32,318 :INFO :test_mobile :Card title :Nokia Edge
2021-06-09 21:35:32,318 :INFO :test_mobile :Card title :Nokia Edge
2021-06-09 21:35:32,318 :INFO :test_mobile :Card title :Nokia Edge
2021-06-09 21:35:37,695 :INFO :test_mobile :Country Selected :San Marino
2021-06-09 21:35:37,695 :INFO :test_mobile :Country Selected :San Marino
2021-06-09 21:35:37,695 :INFO :test_mobile :Country Selected :San Marino
2021-06-09 21:35:37,837 :INFO :test_mobile :Text received from application is Success!
2021-06-09 21:35:37,837 :INFO :test_mobile :Text received from application is Success!
2021-06-09 21:35:37,837 :INFO :test_mobile :Text received from application is Success!
2021-06-09 21:35:38,246 :INFO :test_mobile :Card title :Samsung Note 8
2021-06-09 21:35:38,246 :INFO :test_mobile :Card title :Samsung Note 8
2021-06-09 21:35:38,246 :INFO :test_mobile :Card title :Samsung Note 8
2021-06-09 21:35:38,246 :INFO :test_mobile :Card title :Samsung Note 8
2021-06-09 21:35:43,663 :INFO :test_mobile :Country Selected :Spain
2021-06-09 21:35:43,663 :INFO :test_mobile :Country Selected :Spain
2021-06-09 21:35:43,663 :INFO :test_mobile :Country Selected :Spain
2021-06-09 21:35:43,663 :INFO :test_mobile :Country Selected :Spain
2021-06-09 21:35:43,808 :INFO :test_mobile :Text received from application is Success!
2021-06-09 21:35:43,808 :INFO :test_mobile :Text received from application is Success!
2021-06-09 21:35:43,808 :INFO :test_mobile :Text received from application is Success!
2021-06-09 21:35:43,808 :INFO :test_mobile :Text received from application is Success!
